#
# A fatal error has been detected by the Java Runtime Environment:
#
#  SIGSEGV (0xb) at pc=0x000000011bc80173, pid=8592, tid=1299
#
# JRE version: Java(TM) SE Runtime Environment (8.0-b132) (build 1.8.0-b132)
# Java VM: Java HotSpot(TM) 64-Bit Server VM (25.0-b70 mixed mode bsd-amd64 compressed oops)
# Problematic frame:
# C  [libglass.dylib+0x1b173]  GlassScreenDidChangeScreenParameters+0x53
#
# Failed to write core dump. Core dumps have been disabled. To enable core dumping, try "ulimit -c unlimited" before starting Java again
#
# If you would like to submit a bug report, please visit:
#   http://bugreport.sun.com/bugreport/crash.jsp
#

---------------  T H R E A D  ---------------

Current thread is native thread

siginfo:si_signo=SIGSEGV: si_errno=0, si_code=1 (SEGV_MAPERR), si_addr=0x0000000000000000

Registers:
RAX=0x00007ffdeb45f7a8, RBX=0x0000000000000000, RCX=0x000000011bcb2910, RDX=0x00007fff765331f8
RSP=0x00007fff5c04e970, RBP=0x00007fff5c04e980, RSI=0x00007ffdeb436558, RDI=0x0000000000000000
R8 =0x00007fff5c04e820, R9 =0x00007fff7515a300, R10=0x0000000000000000, R11=0x0000000000000246
R12=0x00007ffdeb427ee0, R13=0x00000000000f4268, R14=0x00007ffdeb65a970, R15=0x00007fff5c04eac0
RIP=0x000000011bc80173, EFLAGS=0x0000000000010202, ERR=0x0000000000000004
  TRAPNO=0x000000000000000e

Top of Stack: (sp=0x00007fff5c04e970)
0x00007fff5c04e970:   00007fff5c04e980 00007fff5c04eb50
0x00007fff5c04e980:   00007fff5c04e990 00007fff8579ccdc
0x00007fff5c04e990:   00007fff5c04ecf0 00007fff8568e244
0x00007fff5c04e9a0:   00007fff5c04e9f0 0000000000001400
0x00007fff5c04e9b0:   00007fff7471ccf0 00007ffdeb5d20c0
0x00007fff5c04e9c0:   0000000000001002 0000000000000918
0x00007fff5c04e9d0:   00007ffdeb5d20c0 00007ffdeb65a970
0x00007fff5c04e9e0:   0000000000000000 00007fff5c04eac0
0x00007fff5c04e9f0:   0000000000000000 00007ffdeb65a930
0x00007fff5c04ea00:   00007fff5c04eb40 0000000000000061
0x00007fff5c04ea10:   00000000000f430b 00007ffdeb561f20
0x00007fff5c04ea20:   00007ffdeb559db0 00007ffdeb427ee0
0x00007fff5c04ea30:   0000000000000001 00000000000f4268
0x00007fff5c04ea40:   00007ffdeb427ed0 00007fff91dbfacb
0x00007fff5c04ea50:   0000000000000001 0000000000000001
0x00007fff5c04ea60:   0000000000000030 0000000000000001
0x00007fff5c04ea70:   00007fff5c04ea90 00007fff91dc5231
0x00007fff5c04ea80:   00007fff7471add0 0000000000000000
0x00007fff5c04ea90:   00007fff5c04eab0 0000000000000024
0x00007fff5c04eaa0:   0001af03edc5ef90 00007ffdeb427f04
0x00007fff5c04eab0:   0000000000000000 00007fff85683d1f
0x00007fff5c04eac0:   00007ffdeb65a970 00007fff7471add0
0x00007fff5c04ead0:   00007fff5c04eb50 00007fff8568c84f
0x00007fff5c04eae0:   00007fff5c04eb54 0000000000438301
0x00007fff5c04eaf0:   0000000103bcba00 0000000000000002
0x00007fff5c04eb00:   0000000103bc8000 00007ffdedc731f2
0x00007fff5c04eb10:   0000000000000003 0000000103bcce00
0x00007fff5c04eb20:   00007fff5c04ec10 00007fff91dbe2a2
0x00007fff5c04eb30:   00007ffdeb73cc70 00007fff5c04ecf8
0x00007fff5c04eb40:   0000000000000017 0000000000000000
0x00007fff5c04eb50:   00000000000f4268 00007fff85684013
0x00007fff5c04eb60:   00007fff00000000 00007ffdeb7419c0 

Instructions: (pc=0x000000011bc80173)
0x000000011bc80153:   50 01 00 48 89 df ff 90 88 03 00 00 48 8d 0d a2
0x000000011bc80163:   28 03 00 48 89 01 48 8d 0d a0 27 03 00 48 8b 31
0x000000011bc80173:   48 8b 0b 48 89 df 48 89 c2 30 c0 ff 91 68 04 00
0x000000011bc80183:   00 48 83 c4 08 5b 5d c3 0f 1f 44 00 00 55 48 89 

Register to memory mapping:

RAX=0x00007ffdeb45f7a8 is an unknown value
RBX=0x0000000000000000 is an unknown value
RCX=0x000000011bcb2910: jScreenClass+0 in /Library/Java/JavaVirtualMachines/jdk1.8.0.jdk/Contents/Home/jre/lib/libglass.dylib at 0x000000011bc65000
RDX=0x00007fff765331f8: __sFX+0x1c8 in /usr/lib/system/libsystem_c.dylib at 0x00007fff92a24000
RSP=0x00007fff5c04e970 is an unknown value
RBP=0x00007fff5c04e980 is an unknown value
RSI=0x00007ffdeb436558 is a global jni handle
RDI=0x0000000000000000 is an unknown value
R8 =0x00007fff5c04e820 is an unknown value
R9 =0x00007fff7515a300: _thread+0 in /usr/lib/system/libsystem_pthread.dylib at 0x00007fff89fba000
R10=0x0000000000000000 is an unknown value
R11=0x0000000000000246 is an unknown value
R12=0x00007ffdeb427ee0 is an unknown value
R13=0x00000000000f4268 is an unknown value
R14=0x00007ffdeb65a970 is an unknown value
R15=0x00007fff5c04eac0 is an unknown value


Stack: [0x00007fff5b852000,0x00007fff5c052000],  sp=0x00007fff5c04e970,  free space=8178k
Native frames: (J=compiled Java code, j=interpreted, Vv=VM code, C=native code)
C  [libglass.dylib+0x1b173]  GlassScreenDidChangeScreenParameters+0x53
C  [CoreFoundation+0x11ecdc]  __CFNOTIFICATIONCENTER_IS_CALLING_OUT_TO_AN_OBSERVER__+0xc
C  [CoreFoundation+0x10244]  _CFXNotificationPost+0xc44
C  [Foundation+0x2c31]  -[NSNotificationCenter postNotificationName:object:userInfo:]+0x42
C  [AppKit+0x36302e]  -[NSApplication _reactToScreenInvalidationImmediately:]+0x17b
C  [AppKit+0x362e6d]  __44-[NSApplication _reactToScreenInvalidation:]_block_invoke+0x4b
C  [CoreFoundation+0x8056c]  __CFRUNLOOP_IS_CALLING_OUT_TO_A_BLOCK__+0xc
C  [CoreFoundation+0x72675]  __CFRunLoopDoBlocks+0x155
C  [CoreFoundation+0x721b6]  __CFRunLoopRun+0x716
C  [CoreFoundation+0x71858]  CFRunLoopRunSpecific+0x128
C  [java+0x56db]  CreateExecutionEnvironment+0x367
C  [java+0x167c]  JLI_Launch+0x7a0
C  [java+0x7699]  main+0x65
C  [java+0xed4]  start+0x34


---------------  P R O C E S S  ---------------

VM state:at safepoint (normal execution)

VM Mutex/Monitor currently owned by a thread:  ([mutex/lock_event])
[0x00007ffdeb50eb00] Threads_lock - owner thread: 0x00007ffdeb81b800
[0x00007ffdeb50f000] Heap_lock - owner thread: 0x00007ffded092800

Heap:
 PSYoungGen      total 12288K, used 3237K [0x00000007aab00000, 0x00000007ab880000, 0x00000007c0000000)
  eden space 10752K, 18% used [0x00000007aab00000,0x00000007aace9780,0x00000007ab580000)
  from space 1536K, 83% used [0x00000007ab700000,0x00000007ab840000,0x00000007ab880000)
  to   space 1536K, 0% used [0x00000007ab580000,0x00000007ab580000,0x00000007ab700000)
 ParOldGen       total 64000K, used 3222K [0x0000000780000000, 0x0000000783e80000, 0x00000007aab00000)
  object space 64000K, 5% used [0x0000000780000000,0x00000007803258a0,0x0000000783e80000)
 Metaspace       used 13627K, capacity 13790K, committed 13952K, reserved 1060864K
  class space    used 2105K, capacity 2168K, committed 2176K, reserved 1048576K

Card table byte_map: [0x00000001149c0000,0x0000000114bc1000] byte_map_base: 0x0000000110dc0000

Marking Bits: (ParMarkBitMap*) 0x00000001045120a0
 Begin Bits: [0x0000000115123000, 0x0000000116123000)
 End Bits:   [0x0000000116123000, 0x0000000117123000)

Polling page: 0x0000000104cc7000

CodeCache: size=245760Kb used=3770Kb max_used=3770Kb free=241989Kb
 bounds [0x0000000105600000, 0x00000001059c0000, 0x0000000114600000]
 total_blobs=1660 nmethods=1069 adapters=514
 compilation: enabled

Compilation events (10 events):
Event: 2.523 Thread 0x00007ffdec870000 1061       3       com.sun.javafx.geom.transform.GeneralTransform3D::updateState (196 bytes)
Event: 2.525 Thread 0x00007ffdec870000 nmethod 1061 0x00000001059aecd0 code [0x00000001059aeea0, 0x00000001059af830]
Event: 2.525 Thread 0x00007ffdec870000 1066       3       com.sun.javafx.geom.transform.AffineBase::getMxy (5 bytes)
Event: 2.526 Thread 0x00007ffdec870000 nmethod 1066 0x00000001059afa90 code [0x00000001059afbe0, 0x00000001059afd30]
Event: 2.526 Thread 0x00007ffdec870000 1067       3       com.sun.javafx.geom.transform.Affine3D::updateState (96 bytes)
Event: 2.527 Thread 0x00007ffdec870000 nmethod 1067 0x00000001059afdd0 code [0x00000001059b0040, 0x00000001059b0b48]
Event: 2.528 Thread 0x00007ffdec870000 1068       3       com.sun.javafx.geom.transform.Affine3D::almostOne (22 bytes)
Event: 2.528 Thread 0x00007ffdec870000 nmethod 1068 0x00000001059b0d10 code [0x00000001059b0ea0, 0x00000001059b10b0]
Event: 3.746 Thread 0x00007ffdec870000 1069       1       java.util.concurrent.locks.AbstractOwnableSynchronizer::getExclusiveOwnerThread (5 bytes)
Event: 3.747 Thread 0x00007ffdec870000 nmethod 1069 0x00000001059b1150 code [0x00000001059b12a0, 0x00000001059b13b0]

GC Heap History (10 events):
Event: 0.821 GC heap before
{Heap before GC invocations=8 (full 0):
 PSYoungGen      total 3072K, used 2400K [0x00000007aab00000, 0x00000007ab100000, 0x00000007c0000000)
  eden space 2048K, 100% used [0x00000007aab00000,0x00000007aad00000,0x00000007aad00000)
  from space 1024K, 34% used [0x00000007aad00000,0x00000007aad58000,0x00000007aae00000)
  to   space 1024K, 0% used [0x00000007ab000000,0x00000007ab000000,0x00000007ab100000)
 ParOldGen       total 64000K, used 624K [0x0000000780000000, 0x0000000783e80000, 0x00000007aab00000)
  object space 64000K, 0% used [0x0000000780000000,0x000000078009c050,0x0000000783e80000)
 Metaspace       used 6222K, capacity 7442K, committed 7552K, reserved 1056768K
  class space    used 770K, capacity 838K, committed 896K, reserved 1048576K
Event: 0.828 GC heap after
Heap after GC invocations=8 (full 0):
 PSYoungGen      total 5120K, used 896K [0x00000007aab00000, 0x00000007ab100000, 0x00000007c0000000)
  eden space 4096K, 0% used [0x00000007aab00000,0x00000007aab00000,0x00000007aaf00000)
  from space 1024K, 87% used [0x00000007ab000000,0x00000007ab0e0020,0x00000007ab100000)
  to   space 1024K, 0% used [0x00000007aaf00000,0x00000007aaf00000,0x00000007ab000000)
 ParOldGen       total 64000K, used 728K [0x0000000780000000, 0x0000000783e80000, 0x00000007aab00000)
  object space 64000K, 1% used [0x0000000780000000,0x00000007800b6050,0x0000000783e80000)
 Metaspace       used 6222K, capacity 7442K, committed 7552K, reserved 1056768K
  class space    used 770K, capacity 838K, committed 896K, reserved 1048576K
}
Event: 1.074 GC heap before
{Heap before GC invocations=9 (full 0):
 PSYoungGen      total 5120K, used 4992K [0x00000007aab00000, 0x00000007ab100000, 0x00000007c0000000)
  eden space 4096K, 100% used [0x00000007aab00000,0x00000007aaf00000,0x00000007aaf00000)
  from space 1024K, 87% used [0x00000007ab000000,0x00000007ab0e0020,0x00000007ab100000)
  to   space 1024K, 0% used [0x00000007aaf00000,0x00000007aaf00000,0x00000007ab000000)
 ParOldGen       total 64000K, used 728K [0x0000000780000000, 0x0000000783e80000, 0x00000007aab00000)
  object space 64000K, 1% used [0x0000000780000000,0x00000007800b6050,0x0000000783e80000)
 Metaspace       used 8014K, capacity 8354K, committed 8576K, reserved 1056768K
  class space    used 1058K, capacity 1136K, committed 1152K, reserved 1048576K
Event: 1.077 GC heap after
Heap after GC invocations=9 (full 0):
 PSYoungGen      total 5120K, used 992K [0x00000007aab00000, 0x00000007ab480000, 0x00000007c0000000)
  eden space 4096K, 0% used [0x00000007aab00000,0x00000007aab00000,0x00000007aaf00000)
  from space 1024K, 96% used [0x00000007aaf00000,0x00000007aaff8020,0x00000007ab000000)
  to   space 1536K, 0% used [0x00000007ab300000,0x00000007ab300000,0x00000007ab480000)
 ParOldGen       total 64000K, used 1488K [0x0000000780000000, 0x0000000783e80000, 0x00000007aab00000)
  object space 64000K, 2% used [0x0000000780000000,0x0000000780174050,0x0000000783e80000)
 Metaspace       used 8014K, capacity 8354K, committed 8576K, reserved 1056768K
  class space    used 1058K, capacity 1136K, committed 1152K, reserved 1048576K
}
Event: 1.260 GC heap before
{Heap before GC invocations=10 (full 0):
 PSYoungGen      total 5120K, used 5088K [0x00000007aab00000, 0x00000007ab480000, 0x00000007c0000000)
  eden space 4096K, 100% used [0x00000007aab00000,0x00000007aaf00000,0x00000007aaf00000)
  from space 1024K, 96% used [0x00000007aaf00000,0x00000007aaff8020,0x00000007ab000000)
  to   space 1536K, 0% used [0x00000007ab300000,0x00000007ab300000,0x00000007ab480000)
 ParOldGen       total 64000K, used 1488K [0x0000000780000000, 0x0000000783e80000, 0x00000007aab00000)
  object space 64000K, 2% used [0x0000000780000000,0x0000000780174050,0x0000000783e80000)
 Metaspace       used 9439K, capacity 9698K, committed 9856K, reserved 1058816K
  class space    used 1352K, capacity 1392K, committed 1408K, reserved 1048576K
Event: 1.266 GC heap after
Heap after GC invocations=10 (full 0):
 PSYoungGen      total 8192K, used 768K [0x00000007aab00000, 0x00000007ab480000, 0x00000007c0000000)
  eden space 6656K, 0% used [0x00000007aab00000,0x00000007aab00000,0x00000007ab180000)
  from space 1536K, 50% used [0x00000007ab300000,0x00000007ab3c0000,0x00000007ab480000)
  to   space 1536K, 0% used [0x00000007ab180000,0x00000007ab180000,0x00000007ab300000)
 ParOldGen       total 64000K, used 2176K [0x0000000780000000, 0x0000000783e80000, 0x00000007aab00000)
  object space 64000K, 3% used [0x0000000780000000,0x0000000780220070,0x0000000783e80000)
 Metaspace       used 9439K, capacity 9698K, committed 9856K, reserved 1058816K
  class space    used 1352K, capacity 1392K, committed 1408K, reserved 1048576K
}
Event: 1.624 GC heap before
{Heap before GC invocations=11 (full 0):
 PSYoungGen      total 8192K, used 7424K [0x00000007aab00000, 0x00000007ab480000, 0x00000007c0000000)
  eden space 6656K, 100% used [0x00000007aab00000,0x00000007ab180000,0x00000007ab180000)
  from space 1536K, 50% used [0x00000007ab300000,0x00000007ab3c0000,0x00000007ab480000)
  to   space 1536K, 0% used [0x00000007ab180000,0x00000007ab180000,0x00000007ab300000)
 ParOldGen       total 64000K, used 2176K [0x0000000780000000, 0x0000000783e80000, 0x00000007aab00000)
  object space 64000K, 3% used [0x0000000780000000,0x0000000780220070,0x0000000783e80000)
 Metaspace       used 11752K, capacity 12014K, committed 12160K, reserved 1058816K
  class space    used 1800K, capacity 1880K, committed 1920K, reserved 1048576K
Event: 1.628 GC heap after
Heap after GC invocations=11 (full 0):
 PSYoungGen      total 8192K, used 496K [0x00000007aab00000, 0x00000007ab880000, 0x00000007c0000000)
  eden space 6656K, 0% used [0x00000007aab00000,0x00000007aab00000,0x00000007ab180000)
  from space 1536K, 32% used [0x00000007ab180000,0x00000007ab1fc010,0x00000007ab300000)
  to   space 1536K, 0% used [0x00000007ab700000,0x00000007ab700000,0x00000007ab880000)
 ParOldGen       total 64000K, used 2804K [0x0000000780000000, 0x0000000783e80000, 0x00000007aab00000)
  object space 64000K, 4% used [0x0000000780000000,0x00000007802bd080,0x0000000783e80000)
 Metaspace       used 11752K, capacity 12014K, committed 12160K, reserved 1058816K
  class space    used 1800K, capacity 1880K, committed 1920K, reserved 1048576K
}
Event: 2.320 GC heap before
{Heap before GC invocations=12 (full 0):
 PSYoungGen      total 8192K, used 6165K [0x00000007aab00000, 0x00000007ab880000, 0x00000007c0000000)
  eden space 6656K, 85% used [0x00000007aab00000,0x00000007ab089488,0x00000007ab180000)
  from space 1536K, 32% used [0x00000007ab180000,0x00000007ab1fc010,0x00000007ab300000)
  to   space 1536K, 0% used [0x00000007ab700000,0x00000007ab700000,0x00000007ab880000)
 ParOldGen       total 64000K, used 2804K [0x0000000780000000, 0x0000000783e80000, 0x00000007aab00000)
  object space 64000K, 4% used [0x0000000780000000,0x00000007802bd080,0x0000000783e80000)
 Metaspace       used 13542K, capacity 13726K, committed 13952K, reserved 1060864K
  class space    used 2094K, capacity 2168K, committed 2176K, reserved 1048576K
Event: 2.334 GC heap after
Heap after GC invocations=12 (full 0):
 PSYoungGen      total 12288K, used 1280K [0x00000007aab00000, 0x00000007ab880000, 0x00000007c0000000)
  eden space 10752K, 0% used [0x00000007aab00000,0x00000007aab00000,0x00000007ab580000)
  from space 1536K, 83% used [0x00000007ab700000,0x00000007ab840000,0x00000007ab880000)
  to   space 1536K, 0% used [0x00000007ab580000,0x00000007ab580000,0x00000007ab700000)
 ParOldGen       total 64000K, used 3222K [0x0000000780000000, 0x0000000783e80000, 0x00000007aab00000)
  object space 64000K, 5% used [0x0000000780000000,0x00000007803258a0,0x0000000783e80000)
 Metaspace       used 13542K, capacity 13726K, committed 13952K, reserved 1060864K
  class space    used 2094K, capacity 2168K, committed 2176K, reserved 1048576K
}

Deoptimization events (10 events):
Event: 0.954 Thread 0x00007ffded092800 Uncommon trap: reason=unreached action=reinterpret pc=0x0000000105841000 method=java.util.HashMap.getNode(ILjava/lang/Object;)Ljava/util/HashMap$Node; @ 84
Event: 1.430 Thread 0x00007ffded092800 Uncommon trap: reason=class_check action=maybe_recompile pc=0x00000001058399f0 method=java.io.DataInputStream.readShort()S @ 4
Event: 1.431 Thread 0x00007ffded092800 Uncommon trap: reason=class_check action=maybe_recompile pc=0x00000001058399f0 method=java.io.DataInputStream.readShort()S @ 4
Event: 1.432 Thread 0x00007ffded092800 Uncommon trap: reason=class_check action=maybe_recompile pc=0x00000001058399f0 method=java.io.DataInputStream.readShort()S @ 4
Event: 1.432 Thread 0x00007ffded092800 Uncommon trap: reason=class_check action=maybe_recompile pc=0x00000001058399f0 method=java.io.DataInputStream.readShort()S @ 4
Event: 1.442 Thread 0x00007ffded092800 Uncommon trap: reason=class_check action=maybe_recompile pc=0x0000000105730a54 method=java.lang.String.equals(Ljava/lang/Object;)Z @ 8
Event: 1.442 Thread 0x00007ffded092800 Uncommon trap: reason=class_check action=maybe_recompile pc=0x0000000105730a54 method=java.lang.String.equals(Ljava/lang/Object;)Z @ 8
Event: 1.532 Thread 0x00007ffded092800 Uncommon trap: reason=class_check action=maybe_recompile pc=0x0000000105730a54 method=java.lang.String.equals(Ljava/lang/Object;)Z @ 8
Event: 1.532 Thread 0x00007ffded092800 Uncommon trap: reason=class_check action=maybe_recompile pc=0x0000000105730a54 method=java.lang.String.equals(Ljava/lang/Object;)Z @ 8
Event: 1.868 Thread 0x00007ffded092800 Uncommon trap: reason=unloaded action=reinterpret pc=0x00000001058294a4 method=java.lang.CharacterData.of(I)Ljava/lang/CharacterData; @ 96

Internal exceptions (10 events):
Event: 1.275 Thread 0x00007ffded092800 Exception <a 'java/security/PrivilegedActionException'> (0x00000007aab5daa8) thrown at [/HUDSON/workspace/8-2-build-macosx-x86_64/jdk8/2238/hotspot/src/share/vm/prims/jvm.cpp, line 1248]
Event: 1.276 Thread 0x00007ffded092800 Exception <a 'java/io/FileNotFoundException'> (0x00000007aab657f0) thrown at [/HUDSON/workspace/8-2-build-macosx-x86_64/jdk8/2238/hotspot/src/share/vm/prims/jni.cpp, line 716]
Event: 1.277 Thread 0x00007ffded092800 Exception <a 'java/security/PrivilegedActionException'> (0x00000007aab77d00) thrown at [/HUDSON/workspace/8-2-build-macosx-x86_64/jdk8/2238/hotspot/src/share/vm/prims/jvm.cpp, line 1248]
Event: 1.279 Thread 0x00007ffded092800 Exception <a 'java/io/FileNotFoundException'> (0x00000007aab84320) thrown at [/HUDSON/workspace/8-2-build-macosx-x86_64/jdk8/2238/hotspot/src/share/vm/prims/jni.cpp, line 716]
Event: 1.280 Thread 0x00007ffded092800 Exception <a 'java/security/PrivilegedActionException'> (0x00000007aab961a0) thrown at [/HUDSON/workspace/8-2-build-macosx-x86_64/jdk8/2238/hotspot/src/share/vm/prims/jvm.cpp, line 1248]
Event: 1.282 Thread 0x00007ffded092800 Exception <a 'java/io/FileNotFoundException'> (0x00000007aab9df48) thrown at [/HUDSON/workspace/8-2-build-macosx-x86_64/jdk8/2238/hotspot/src/share/vm/prims/jni.cpp, line 716]
Event: 1.283 Thread 0x00007ffded092800 Exception <a 'java/security/PrivilegedActionException'> (0x00000007aabb0208) thrown at [/HUDSON/workspace/8-2-build-macosx-x86_64/jdk8/2238/hotspot/src/share/vm/prims/jvm.cpp, line 1248]
Event: 1.300 Thread 0x00007ffded092800 Exception <a 'java/security/PrivilegedActionException'> (0x00000007aac1a5c8) thrown at [/HUDSON/workspace/8-2-build-macosx-x86_64/jdk8/2238/hotspot/src/share/vm/prims/jvm.cpp, line 1248]
Event: 1.302 Thread 0x00007ffded092800 Exception <a 'java/security/PrivilegedActionException'> (0x00000007aac31a70) thrown at [/HUDSON/workspace/8-2-build-macosx-x86_64/jdk8/2238/hotspot/src/share/vm/prims/jvm.cpp, line 1248]
Event: 1.304 Thread 0x00007ffded092800 Exception <a 'java/security/PrivilegedActionException'> (0x00000007aac55b88) thrown at [/HUDSON/workspace/8-2-build-macosx-x86_64/jdk8/2238/hotspot/src/share/vm/prims/jvm.cpp, line 1248]

Events (10 events):
Event: 3.746 Thread 0x00007ffdec922800 Thread exited: 0x00007ffdec922800
Event: 3.746 Thread 0x00007ffdec8d2800 Thread exited: 0x00007ffdec8d2800
Event: 3.746 Thread 0x00007ffdeb808800 Thread exited: 0x00007ffdeb808800
Event: 3.746 Thread 0x00007ffded092800 Thread added: 0x00007ffded092800
Event: 3.746 loading class java/lang/Shutdown
Event: 3.747 loading class java/lang/Shutdown done
Event: 3.747 loading class java/lang/Shutdown$Lock
Event: 3.747 loading class java/lang/Shutdown$Lock done
Event: 3.747 Thread 0x00007ffdec80c000 Thread exited: 0x00007ffdec80c000
Event: 3.747 Thread 0x00007ffded092800 Thread exited: 0x00007ffded092800


Dynamic libraries:
0x00000000042d0000 	/System/Library/Frameworks/Cocoa.framework/Versions/A/Cocoa
0x00000000042d0000 	/System/Library/Frameworks/Security.framework/Versions/A/Security
0x00000000042d0000 	/System/Library/Frameworks/ApplicationServices.framework/Versions/A/ApplicationServices
0x00000000042d0000 	/usr/lib/libz.1.dylib
0x00000000042d0000 	/usr/lib/libSystem.B.dylib
0x00000000042d0000 	/usr/lib/libobjc.A.dylib
0x00000000042d0000 	/System/Library/Frameworks/CoreFoundation.framework/Versions/A/CoreFoundation
0x00000000042d0000 	/System/Library/Frameworks/Foundation.framework/Versions/C/Foundation
0x00000000042d0000 	/System/Library/Frameworks/AppKit.framework/Versions/C/AppKit
0x00000000042d0000 	/System/Library/Frameworks/CoreData.framework/Versions/A/CoreData
0x00000000042d0000 	/System/Library/PrivateFrameworks/RemoteViewServices.framework/Versions/A/RemoteViewServices
0x00000000042d0000 	/System/Library/PrivateFrameworks/UIFoundation.framework/Versions/A/UIFoundation
0x00000000042d0000 	/System/Library/Frameworks/IOSurface.framework/Versions/A/IOSurface
0x00000000042d0000 	/System/Library/Frameworks/AudioToolbox.framework/Versions/A/AudioToolbox
0x00000000042d0000 	/System/Library/Frameworks/AudioUnit.framework/Versions/A/AudioUnit
0x00000000042d0000 	/System/Library/PrivateFrameworks/DataDetectorsCore.framework/Versions/A/DataDetectorsCore
0x00000000042d0000 	/System/Library/PrivateFrameworks/DesktopServicesPriv.framework/Versions/A/DesktopServicesPriv
0x00000000042d0000 	/System/Library/Frameworks/Carbon.framework/Versions/A/Frameworks/HIToolbox.framework/Versions/A/HIToolbox
0x00000000042d0000 	/System/Library/Frameworks/QuartzCore.framework/Versions/A/QuartzCore
0x00000000042d0000 	/System/Library/Frameworks/Carbon.framework/Versions/A/Frameworks/SpeechRecognition.framework/Versions/A/SpeechRecognition
0x00000000042d0000 	/usr/lib/libauto.dylib
0x00000000042d0000 	/usr/lib/libicucore.A.dylib
0x00000000042d0000 	/usr/lib/libxml2.2.dylib
0x00000000042d0000 	/System/Library/PrivateFrameworks/CoreUI.framework/Versions/A/CoreUI
0x00000000042d0000 	/System/Library/Frameworks/CoreAudio.framework/Versions/A/CoreAudio
0x00000000042d0000 	/System/Library/Frameworks/DiskArbitration.framework/Versions/A/DiskArbitration
0x00000000042d0000 	/usr/lib/liblangid.dylib
0x00000000042d0000 	/System/Library/PrivateFrameworks/MultitouchSupport.framework/Versions/A/MultitouchSupport
0x00000000042d0000 	/System/Library/Frameworks/IOKit.framework/Versions/A/IOKit
0x00000000042d0000 	/usr/lib/libDiagnosticMessagesClient.dylib
0x00000000042d0000 	/System/Library/Frameworks/CoreServices.framework/Versions/A/CoreServices
0x00000000042d0000 	/System/Library/PrivateFrameworks/PerformanceAnalysis.framework/Versions/A/PerformanceAnalysis
0x00000000042d0000 	/System/Library/PrivateFrameworks/GenerationalStorage.framework/Versions/A/GenerationalStorage
0x00000000042d0000 	/System/Library/Frameworks/OpenGL.framework/Versions/A/OpenGL
0x00000000042d0000 	/System/Library/PrivateFrameworks/Sharing.framework/Versions/A/Sharing
0x00000000042d0000 	/System/Library/Frameworks/CoreGraphics.framework/Versions/A/CoreGraphics
0x00000000042d0000 	/System/Library/Frameworks/CoreText.framework/Versions/A/CoreText
0x00000000042d0000 	/System/Library/Frameworks/ImageIO.framework/Versions/A/ImageIO
0x00000000042d0000 	/usr/lib/libextension.dylib
0x00000000042d0000 	/System/Library/PrivateFrameworks/Backup.framework/Versions/A/Backup
0x00000000042d0000 	/usr/lib/libarchive.2.dylib
0x00000000042d0000 	/System/Library/Frameworks/CFNetwork.framework/Versions/A/CFNetwork
0x00000000042d0000 	/System/Library/Frameworks/SystemConfiguration.framework/Versions/A/SystemConfiguration
0x00000000042d0000 	/usr/lib/libCRFSuite.dylib
0x00000000042d0000 	/usr/lib/libc++.1.dylib
0x00000000042d0000 	/usr/lib/libc++abi.dylib
0x00000000042d0000 	/usr/lib/system/libcache.dylib
0x00000000042d0000 	/usr/lib/system/libcommonCrypto.dylib
0x00000000042d0000 	/usr/lib/system/libcompiler_rt.dylib
0x00000000042d0000 	/usr/lib/system/libcopyfile.dylib
0x00000000042d0000 	/usr/lib/system/libcorecrypto.dylib
0x00000000042d0000 	/usr/lib/system/libdispatch.dylib
0x00000000042d0000 	/usr/lib/system/libdyld.dylib
0x00000000042d0000 	/usr/lib/system/libkeymgr.dylib
0x00000000042d0000 	/usr/lib/system/liblaunch.dylib
0x00000000042d0000 	/usr/lib/system/libmacho.dylib
0x00000000042d0000 	/usr/lib/system/libquarantine.dylib
0x00000000042d0000 	/usr/lib/system/libremovefile.dylib
0x00000000042d0000 	/usr/lib/system/libsystem_asl.dylib
0x00000000042d0000 	/usr/lib/system/libsystem_blocks.dylib
0x00000000042d0000 	/usr/lib/system/libsystem_c.dylib
0x00000000042d0000 	/usr/lib/system/libsystem_configuration.dylib
0x00000000042d0000 	/usr/lib/system/libsystem_coreservices.dylib
0x00000000042d0000 	/usr/lib/system/libsystem_coretls.dylib
0x00000000042d0000 	/usr/lib/system/libsystem_dnssd.dylib
0x00000000042d0000 	/usr/lib/system/libsystem_info.dylib
0x00000000042d0000 	/usr/lib/system/libsystem_kernel.dylib
0x00000000042d0000 	/usr/lib/system/libsystem_m.dylib
0x00000000042d0000 	/usr/lib/system/libsystem_malloc.dylib
0x00000000042d0000 	/usr/lib/system/libsystem_network.dylib
0x00000000042d0000 	/usr/lib/system/libsystem_networkextension.dylib
0x00000000042d0000 	/usr/lib/system/libsystem_notify.dylib
0x00000000042d0000 	/usr/lib/system/libsystem_platform.dylib
0x00000000042d0000 	/usr/lib/system/libsystem_pthread.dylib
0x00000000042d0000 	/usr/lib/system/libsystem_sandbox.dylib
0x00000000042d0000 	/usr/lib/system/libsystem_secinit.dylib
0x00000000042d0000 	/usr/lib/system/libsystem_stats.dylib
0x00000000042d0000 	/usr/lib/system/libsystem_trace.dylib
0x00000000042d0000 	/usr/lib/system/libunc.dylib
0x00000000042d0000 	/usr/lib/system/libunwind.dylib
0x00000000042d0000 	/usr/lib/system/libxpc.dylib
0x00000000042d0000 	/usr/lib/libbz2.1.0.dylib
0x00000000042d0000 	/usr/lib/liblzma.5.dylib
0x00000000042d0000 	/usr/lib/libbsm.0.dylib
0x00000000042d0000 	/usr/lib/libsqlite3.dylib
0x00000000042d0000 	/usr/lib/system/libkxld.dylib
0x00000000042d0000 	/usr/lib/libxar.1.dylib
0x00000000042d0000 	/usr/lib/libpam.2.dylib
0x00000000042d0000 	/usr/lib/libOpenScriptingUtil.dylib
0x00000000042d0000 	/System/Library/Frameworks/CoreServices.framework/Versions/A/Frameworks/FSEvents.framework/Versions/A/FSEvents
0x00000000042d0000 	/System/Library/Frameworks/CoreServices.framework/Versions/A/Frameworks/CarbonCore.framework/Versions/A/CarbonCore
0x00000000042d0000 	/System/Library/Frameworks/CoreServices.framework/Versions/A/Frameworks/Metadata.framework/Versions/A/Metadata
0x00000000042d0000 	/System/Library/Frameworks/CoreServices.framework/Versions/A/Frameworks/OSServices.framework/Versions/A/OSServices
0x00000000042d0000 	/System/Library/Frameworks/CoreServices.framework/Versions/A/Frameworks/SearchKit.framework/Versions/A/SearchKit
0x00000000042d0000 	/System/Library/Frameworks/CoreServices.framework/Versions/A/Frameworks/AE.framework/Versions/A/AE
0x00000000042d0000 	/System/Library/Frameworks/CoreServices.framework/Versions/A/Frameworks/LaunchServices.framework/Versions/A/LaunchServices
0x00000000042d0000 	/System/Library/Frameworks/CoreServices.framework/Versions/A/Frameworks/DictionaryServices.framework/Versions/A/DictionaryServices
0x00000000042d0000 	/System/Library/Frameworks/NetFS.framework/Versions/A/NetFS
0x00000000042d0000 	/System/Library/PrivateFrameworks/NetAuth.framework/Versions/A/NetAuth
0x00000000042d0000 	/System/Library/PrivateFrameworks/login.framework/Versions/A/Frameworks/loginsupport.framework/Versions/A/loginsupport
0x00000000042d0000 	/System/Library/PrivateFrameworks/TCC.framework/Versions/A/TCC
0x00000000042d0000 	/usr/lib/libmecabra.dylib
0x00000000042d0000 	/System/Library/Frameworks/ApplicationServices.framework/Versions/A/Frameworks/ATS.framework/Versions/A/ATS
0x00000000042d0000 	/System/Library/Frameworks/ApplicationServices.framework/Versions/A/Frameworks/ColorSync.framework/Versions/A/ColorSync
0x00000000042d0000 	/System/Library/Frameworks/ApplicationServices.framework/Versions/A/Frameworks/HIServices.framework/Versions/A/HIServices
0x00000000042d0000 	/System/Library/Frameworks/ApplicationServices.framework/Versions/A/Frameworks/LangAnalysis.framework/Versions/A/LangAnalysis
0x00000000042d0000 	/System/Library/Frameworks/ApplicationServices.framework/Versions/A/Frameworks/PrintCore.framework/Versions/A/PrintCore
0x00000000042d0000 	/System/Library/Frameworks/ApplicationServices.framework/Versions/A/Frameworks/QD.framework/Versions/A/QD
0x00000000042d0000 	/System/Library/Frameworks/ApplicationServices.framework/Versions/A/Frameworks/SpeechSynthesis.framework/Versions/A/SpeechSynthesis
0x00000000042d0000 	/System/Library/Frameworks/Accelerate.framework/Versions/A/Accelerate
0x00000000042d0000 	/System/Library/Frameworks/Accelerate.framework/Versions/A/Frameworks/vImage.framework/Versions/A/vImage
0x00000000042d0000 	/System/Library/Frameworks/Accelerate.framework/Versions/A/Frameworks/vecLib.framework/Versions/A/vecLib
0x00000000042d0000 	/System/Library/Frameworks/Accelerate.framework/Versions/A/Frameworks/vecLib.framework/Versions/A/libvDSP.dylib
0x00000000042d0000 	/System/Library/Frameworks/Accelerate.framework/Versions/A/Frameworks/vecLib.framework/Versions/A/libvMisc.dylib
0x00000000042d0000 	/System/Library/Frameworks/Accelerate.framework/Versions/A/Frameworks/vecLib.framework/Versions/A/libLAPACK.dylib
0x00000000042d0000 	/System/Library/Frameworks/Accelerate.framework/Versions/A/Frameworks/vecLib.framework/Versions/A/libBLAS.dylib
0x00000000042d0000 	/System/Library/Frameworks/Accelerate.framework/Versions/A/Frameworks/vecLib.framework/Versions/A/libLinearAlgebra.dylib
0x00000000042d0000 	/System/Library/Frameworks/ApplicationServices.framework/Versions/A/Frameworks/ATS.framework/Versions/A/Resources/libFontParser.dylib
0x00000000042d0000 	/System/Library/Frameworks/ApplicationServices.framework/Versions/A/Frameworks/ATS.framework/Versions/A/Resources/libFontRegistry.dylib
0x00000000042d0000 	/System/Library/PrivateFrameworks/AppleVPA.framework/Versions/A/AppleVPA
0x00000000042d0000 	/System/Library/PrivateFrameworks/AppleJPEG.framework/Versions/A/AppleJPEG
0x00000000042d0000 	/System/Library/Frameworks/ImageIO.framework/Versions/A/Resources/libJPEG.dylib
0x00000000042d0000 	/System/Library/Frameworks/ImageIO.framework/Versions/A/Resources/libTIFF.dylib
0x00000000042d0000 	/System/Library/Frameworks/ImageIO.framework/Versions/A/Resources/libPng.dylib
0x00000000042d0000 	/System/Library/Frameworks/ImageIO.framework/Versions/A/Resources/libGIF.dylib
0x00000000042d0000 	/System/Library/Frameworks/ImageIO.framework/Versions/A/Resources/libJP2.dylib
0x00000000042d0000 	/System/Library/Frameworks/ImageIO.framework/Versions/A/Resources/libRadiance.dylib
0x00000000042d0000 	/System/Library/Frameworks/CoreVideo.framework/Versions/A/CoreVideo
0x00000000042d0000 	/System/Library/Frameworks/OpenGL.framework/Versions/A/Libraries/libGLU.dylib
0x00000000042d0000 	/System/Library/Frameworks/OpenGL.framework/Versions/A/Libraries/libGFXShared.dylib
0x00000000042d0000 	/System/Library/Frameworks/OpenGL.framework/Versions/A/Libraries/libGL.dylib
0x00000000042d0000 	/System/Library/Frameworks/OpenGL.framework/Versions/A/Libraries/libGLImage.dylib
0x00000000042d0000 	/System/Library/Frameworks/OpenGL.framework/Versions/A/Libraries/libCVMSPluginSupport.dylib
0x00000000042d0000 	/System/Library/Frameworks/OpenGL.framework/Versions/A/Libraries/libCoreVMClient.dylib
0x00000000042d0000 	/usr/lib/libcups.2.dylib
0x00000000042d0000 	/System/Library/Frameworks/Kerberos.framework/Versions/A/Kerberos
0x00000000042d0000 	/System/Library/Frameworks/GSS.framework/Versions/A/GSS
0x00000000042d0000 	/usr/lib/libresolv.9.dylib
0x00000000042d0000 	/usr/lib/libiconv.2.dylib
0x00000000042d0000 	/System/Library/PrivateFrameworks/Heimdal.framework/Versions/A/Heimdal
0x00000000042d0000 	/usr/lib/libheimdal-asn1.dylib
0x00000000042d0000 	/System/Library/Frameworks/OpenDirectory.framework/Versions/A/OpenDirectory
0x00000000042d0000 	/System/Library/PrivateFrameworks/CommonAuth.framework/Versions/A/CommonAuth
0x00000000042d0000 	/System/Library/Frameworks/OpenDirectory.framework/Versions/A/Frameworks/CFOpenDirectory.framework/Versions/A/CFOpenDirectory
0x00000000042d0000 	/System/Library/Frameworks/SecurityFoundation.framework/Versions/A/SecurityFoundation
0x00000000042d0000 	/System/Library/PrivateFrameworks/LanguageModeling.framework/Versions/A/LanguageModeling
0x00000000042d0000 	/usr/lib/libcmph.dylib
0x00000000042d0000 	/System/Library/Frameworks/ServiceManagement.framework/Versions/A/ServiceManagement
0x00000000042d0000 	/usr/lib/libxslt.1.dylib
0x00000000042d0000 	/System/Library/Frameworks/Carbon.framework/Versions/A/Frameworks/Ink.framework/Versions/A/Ink
0x00000000042d0000 	/System/Library/Frameworks/QuartzCore.framework/Versions/A/Frameworks/CoreImage.framework/Versions/A/CoreImage
0x00000000042d0000 	/System/Library/PrivateFrameworks/CrashReporterSupport.framework/Versions/A/CrashReporterSupport
0x00000000042d0000 	/System/Library/Frameworks/OpenCL.framework/Versions/A/OpenCL
0x00000000042d0000 	/System/Library/PrivateFrameworks/FaceCore.framework/Versions/A/FaceCore
0x00000000042d0000 	/System/Library/PrivateFrameworks/Ubiquity.framework/Versions/A/Ubiquity
0x00000000042d0000 	/System/Library/PrivateFrameworks/IconServices.framework/Versions/A/IconServices
0x00000000042d0000 	/System/Library/PrivateFrameworks/ChunkingLibrary.framework/Versions/A/ChunkingLibrary
0x00000000042d0000 	/System/Library/PrivateFrameworks/Apple80211.framework/Versions/A/Apple80211
0x00000000042d0000 	/System/Library/Frameworks/CoreWLAN.framework/Versions/A/CoreWLAN
0x00000000042d0000 	/System/Library/Frameworks/IOBluetooth.framework/Versions/A/IOBluetooth
0x00000000042d0000 	/System/Library/PrivateFrameworks/CoreWiFi.framework/Versions/A/CoreWiFi
0x00000000042d0000 	/System/Library/Frameworks/CoreBluetooth.framework/Versions/A/CoreBluetooth
0x00000000042d0000 	/System/Library/PrivateFrameworks/DebugSymbols.framework/Versions/A/DebugSymbols
0x00000000042d0000 	/System/Library/PrivateFrameworks/CoreSymbolication.framework/Versions/A/CoreSymbolication
0x00000000042d0000 	/System/Library/PrivateFrameworks/Symbolication.framework/Versions/A/Symbolication
0x00000000042d0000 	/System/Library/PrivateFrameworks/SpeechRecognitionCore.framework/Versions/A/SpeechRecognitionCore
0x0000000103cac000 	/Library/Java/JavaVirtualMachines/jdk1.8.0.jdk/Contents/Home/jre/lib/server/libjvm.dylib
0x00000000042d0000 	/usr/lib/libstdc++.6.dylib
0x0000000104c85000 	/Library/Java/JavaVirtualMachines/jdk1.8.0.jdk/Contents/Home/jre/lib/libverify.dylib
0x0000000104c93000 	/Library/Java/JavaVirtualMachines/jdk1.8.0.jdk/Contents/Home/jre/lib/libjava.dylib
0x0000000104cc8000 	/Library/Java/JavaVirtualMachines/jdk1.8.0.jdk/Contents/Home/jre/lib/libjdwp.dylib
0x0000000104d13000 	/Library/Java/JavaVirtualMachines/jdk1.8.0.jdk/Contents/Home/jre/lib/libnpt.dylib
0x0000000104d20000 	/Library/Java/JavaVirtualMachines/jdk1.8.0.jdk/Contents/Home/jre/lib/libzip.dylib
0x0000000104de1000 	/System/Library/Frameworks/JavaVM.framework/Frameworks/JavaRuntimeSupport.framework/JavaRuntimeSupport
0x0000000119053000 	/System/Library/Frameworks/JavaVM.framework/Versions/A/Frameworks/JavaNativeFoundation.framework/Versions/A/JavaNativeFoundation
0x0000000119068000 	/System/Library/Frameworks/JavaVM.framework/Versions/A/JavaVM
0x00000000042d0000 	/System/Library/Frameworks/Carbon.framework/Versions/A/Carbon
0x0000000119075000 	/System/Library/PrivateFrameworks/JavaLaunching.framework/Versions/A/JavaLaunching
0x00000000042d0000 	/System/Library/Frameworks/Carbon.framework/Versions/A/Frameworks/CommonPanels.framework/Versions/A/CommonPanels
0x00000000042d0000 	/System/Library/Frameworks/Carbon.framework/Versions/A/Frameworks/Help.framework/Versions/A/Help
0x00000000042d0000 	/System/Library/Frameworks/Carbon.framework/Versions/A/Frameworks/ImageCapture.framework/Versions/A/ImageCapture
0x00000000042d0000 	/System/Library/Frameworks/Carbon.framework/Versions/A/Frameworks/OpenScripting.framework/Versions/A/OpenScripting
0x00000000042d0000 	/System/Library/Frameworks/Carbon.framework/Versions/A/Frameworks/Print.framework/Versions/A/Print
0x00000000042d0000 	/System/Library/Frameworks/Carbon.framework/Versions/A/Frameworks/SecurityHI.framework/Versions/A/SecurityHI
0x000000011a8fe000 	/Library/Java/JavaVirtualMachines/jdk1.8.0.jdk/Contents/Home/jre/lib/libdt_socket.dylib
0x000000011b414000 	/Library/Java/JavaVirtualMachines/jdk1.8.0.jdk/Contents/Home/jre/lib/libprism_es2.dylib
0x000000011b491000 	/System/Library/Frameworks/OpenGL.framework/Resources/GLEngine.bundle/GLEngine
0x00000000042d0000 	/System/Library/Frameworks/OpenGL.framework/Versions/A/Libraries/libGLProgrammability.dylib
0x0000000000000000 	/System/Library/Extensions/AppleIntelHD5000GraphicsGLDriver.bundle/Contents/MacOS/AppleIntelHD5000GraphicsGLDriver
0x00000000042d0000 	/System/Library/PrivateFrameworks/IOAccelerator.framework/Versions/A/IOAccelerator
0x00000000042d0000 	/System/Library/PrivateFrameworks/GPUSupport.framework/Versions/A/Libraries/libGPUSupportMercury.dylib
0x000000011b681000 	/System/Library/Frameworks/OpenGL.framework/Resources//GLRendererFloat.bundle/GLRendererFloat
0x00000000042d0000 	/System/Library/Frameworks/OpenCL.framework/Versions/A/Libraries/libcldcpuengine.dylib
0x00000000042d0000 	/System/Library/PrivateFrameworks/DiskImages.framework/Versions/A/DiskImages
0x00000000042d0000 	/System/Library/Frameworks/DiscRecording.framework/Versions/A/DiscRecording
0x00000000042d0000 	/usr/lib/libcsfde.dylib
0x00000000042d0000 	/usr/lib/libcurl.4.dylib
0x00000000042d0000 	/System/Library/PrivateFrameworks/MediaKit.framework/Versions/A/MediaKit
0x00000000042d0000 	/System/Library/PrivateFrameworks/ProtectedCloudStorage.framework/Versions/A/ProtectedCloudStorage
0x00000000042d0000 	/usr/lib/libCoreStorage.dylib
0x00000000042d0000 	/System/Library/PrivateFrameworks/EFILogin.framework/Versions/A/EFILogin
0x00000000042d0000 	/usr/lib/libutil.dylib
0x00000000042d0000 	/System/Library/PrivateFrameworks/FindMyDevice.framework/Versions/A/FindMyDevice
0x00000000042d0000 	/System/Library/Frameworks/LDAP.framework/Versions/A/LDAP
0x00000000042d0000 	/usr/lib/libsasl2.2.dylib
0x00000000042d0000 	/System/Library/PrivateFrameworks/CoreDaemon.framework/Versions/B/CoreDaemon
0x00000000042d0000 	/usr/lib/libcrypto.0.9.8.dylib
0x00000000042d0000 	/System/Library/PrivateFrameworks/AppleSRP.framework/Versions/A/AppleSRP
0x00000000042d0000 	/System/Library/PrivateFrameworks/TrustEvaluationAgent.framework/Versions/A/TrustEvaluationAgent
0x000000011bc65000 	/Library/Java/JavaVirtualMachines/jdk1.8.0.jdk/Contents/Home/jre/lib/libglass.dylib
0x00000000042d0000 	/System/Library/PrivateFrameworks/CoreServicesInternal.framework/Versions/A/CoreServicesInternal
0x00000000042d0000 	/System/Library/PrivateFrameworks/CloudDocs.framework/Versions/A/CloudDocs
0x00000000042d0000 	/System/Library/PrivateFrameworks/CoreDuet.framework/Versions/A/CoreDuet
0x00000000042d0000 	/System/Library/Frameworks/CloudKit.framework/Versions/A/CloudKit
0x00000000042d0000 	/System/Library/PrivateFrameworks/ProtocolBuffer.framework/Versions/A/ProtocolBuffer
0x00000000042d0000 	/System/Library/PrivateFrameworks/CoreDuetDaemonProtocol.framework/Versions/A/CoreDuetDaemonProtocol
0x00000000042d0000 	/System/Library/PrivateFrameworks/CoreDuetDebugLogging.framework/Versions/A/CoreDuetDebugLogging
0x00000000042d0000 	/System/Library/Frameworks/CoreLocation.framework/Versions/A/CoreLocation
0x00000000042d0000 	/System/Library/Frameworks/Accounts.framework/Versions/A/Accounts
0x00000000042d0000 	/System/Library/PrivateFrameworks/ApplePushService.framework/Versions/A/ApplePushService
0x00000000042d0000 	/System/Library/PrivateFrameworks/GeoServices.framework/Versions/A/GeoServices
0x00000000042d0000 	/System/Library/PrivateFrameworks/OAuth.framework/Versions/A/OAuth
0x000000011d00b000 	/System/Library/Frameworks/CoreGraphics.framework/Versions/A/Resources/libCGCMS.A.dylib
0x00000000042d0000 	/System/Library/CoreServices/RawCamera.bundle/Contents/MacOS/RawCamera
0x000000011d43e000 	/System/Library/Frameworks/CoreGraphics.framework/Versions/A/Resources/libRIP.A.dylib
0x00000000042d0000 	/System/Library/PrivateFrameworks/FamilyControls.framework/Versions/A/FamilyControls
0x00000000042d0000 	/System/Library/PrivateFrameworks/CommerceKit.framework/Versions/A/Frameworks/CommerceCore.framework/Versions/A/CommerceCore
0x00000000042d0000 	/System/Library/PrivateFrameworks/SystemAdministration.framework/Versions/A/SystemAdministration
0x00000000042d0000 	/System/Library/PrivateFrameworks/AppContainer.framework/Versions/A/AppContainer
0x00000000042d0000 	/System/Library/PrivateFrameworks/SecCodeWrapper.framework/Versions/A/SecCodeWrapper
0x00000000042d0000 	/System/Library/Frameworks/DirectoryService.framework/Versions/A/DirectoryService
0x00000000042d0000 	/System/Library/PrivateFrameworks/LoginUIKit.framework/Versions/A/Frameworks/LoginUICore.framework/Versions/A/LoginUICore
0x00000000042d0000 	/usr/lib/libodfde.dylib
0x000000011f2e3000 	/Library/Java/JavaVirtualMachines/jdk1.8.0.jdk/Contents/Home/jre/lib/libnet.dylib
0x000000011fc68000 	/Library/Java/JavaVirtualMachines/jdk1.8.0.jdk/Contents/Home/jre/lib/libjavafx_font.dylib
0x000000012080d000 	/System/Library/Frameworks/CoreGraphics.framework/Versions/A/Resources/libCGXType.A.dylib
0x00000001230ae000 	/Library/Java/JavaVirtualMachines/jdk1.8.0.jdk/Contents/Home/jre/lib/libprism_common.dylib
0x0000000123121000 	cl_kernels
0x000000012312b000 	/System/Library/Frameworks/OpenCL.framework/Versions/A/Libraries/ImageFormats/unorm8_bgra.dylib
0x0000000123117000 	cl_kernels

VM Arguments:
jvm_args: -agentlib:jdwp=transport=dt_socket,address=127.0.0.1:56124,suspend=y,server=n -Dfile.encoding=UTF-8 
java_command: de.hska.iwii.gui.drawing.Main
java_class_path (initial): /Library/Java/JavaVirtualMachines/jdk1.8.0.jdk/Contents/Home/lib/ant-javafx.jar:/Library/Java/JavaVirtualMachines/jdk1.8.0.jdk/Contents/Home/lib/dt.jar:/Library/Java/JavaVirtualMachines/jdk1.8.0.jdk/Contents/Home/lib/javafx-mx.jar:/Library/Java/JavaVirtualMachines/jdk1.8.0.jdk/Contents/Home/lib/jconsole.jar:/Library/Java/JavaVirtualMachines/jdk1.8.0.jdk/Contents/Home/lib/sa-jdi.jar:/Library/Java/JavaVirtualMachines/jdk1.8.0.jdk/Contents/Home/lib/tools.jar:/Library/Java/JavaVirtualMachines/jdk1.8.0.jdk/Contents/Home/jre/lib/charsets.jar:/Library/Java/JavaVirtualMachines/jdk1.8.0.jdk/Contents/Home/jre/lib/deploy.jar:/Library/Java/JavaVirtualMachines/jdk1.8.0.jdk/Contents/Home/jre/lib/htmlconverter.jar:/Library/Java/JavaVirtualMachines/jdk1.8.0.jdk/Contents/Home/jre/lib/javaws.jar:/Library/Java/JavaVirtualMachines/jdk1.8.0.jdk/Contents/Home/jre/lib/jce.jar:/Library/Java/JavaVirtualMachines/jdk1.8.0.jdk/Contents/Home/jre/lib/jfr.jar:/Library/Java/JavaVirtualMachines/jdk1.8.0.jdk/Contents/Home/jre/lib/jfxswt.jar:/Library/Java/JavaVirtualMachines/jdk1.8.0.jdk/Contents/Home/jre/lib/jsse.jar:/Library/Java/JavaVirtualMachines/jdk1.8.0.jdk/Contents/Home/jre/lib/management-agent.jar:/Library/Java/JavaVirtualMachines/jdk1.8.0.jdk/Contents/Home/jre/lib/plugin.jar:/Library/Java/JavaVirtualMachines/jdk1.8.0.jdk/Contents/Home/jre/lib/resources.jar:/Library/Java/JavaVirtualMachines/jdk1.8.0.jdk/Contents/Home/jre/lib/rt.jar:/Library/Java/JavaVirtualMachines/jdk1.8.0.jdk/Contents/Home/jre/lib/ext/cldrdata.jar:/Library/Java/JavaVirtualMachines/jdk1.8.0.jdk/Contents/Home/jre/lib/ext/dnsns.jar:/Library/Java/JavaVirtualMachines/jdk1.8.0.jdk/Contents/Home/jre/lib/ext/jfxrt.jar:/Library/Java/JavaVirtualMachines/jdk1.8.0.jdk/Contents/Home/jre/lib/ext/localedata.jar:/Library/Java/JavaVirtualMachines/jdk1.8.0.jdk/Contents/Home/jre/lib/ext/nashorn.jar:/Library/Java/JavaVirtualMachines/jdk1.8.0.jdk/Contents/Home/jre/lib/ext/sunec.jar:/Library/Java/JavaVirtualMachines
Launcher Type: SUN_STANDARD

Environment Variables:
PATH=/usr/local/bin:/usr/bin:/bin:/usr/sbin:/sbin:/opt/X11/bin:/usr/texbin
SHELL=/bin/bash
DISPLAY=/private/tmp/com.apple.launchd.gDKNMKYIbP/org.macosforge.xquartz:0

Signal Handlers:
SIGSEGV: [libjvm.dylib+0x55faef], sa_mask[0]=0xfffefeff, sa_flags=0x00000043
SIGBUS: [libjvm.dylib+0x55faef], sa_mask[0]=0xfffefeff, sa_flags=0x00000042
SIGFPE: [libjvm.dylib+0x44305a], sa_mask[0]=0xfffefeff, sa_flags=0x00000042
SIGPIPE: [libjvm.dylib+0x44305a], sa_mask[0]=0xfffefeff, sa_flags=0x00000042
SIGXFSZ: [libjvm.dylib+0x44305a], sa_mask[0]=0xfffefeff, sa_flags=0x00000042
SIGILL: [libjvm.dylib+0x44305a], sa_mask[0]=0xfffefeff, sa_flags=0x00000042
SIGUSR1: SIG_DFL, sa_mask[0]=0x00000000, sa_flags=0x00000000
SIGUSR2: [libjvm.dylib+0x442b78], sa_mask[0]=0x00000004, sa_flags=0x00000042
SIGHUP: [libjvm.dylib+0x440f05], sa_mask[0]=0xfffefeff, sa_flags=0x00000042
SIGINT: [libjvm.dylib+0x440f05], sa_mask[0]=0xfffefeff, sa_flags=0x00000042
SIGTERM: [libjvm.dylib+0x440f05], sa_mask[0]=0xfffefeff, sa_flags=0x00000042
SIGQUIT: [libjvm.dylib+0x440f05], sa_mask[0]=0xfffefeff, sa_flags=0x00000042


---------------  S Y S T E M  ---------------

OS:Bsduname:Darwin 14.1.0 Darwin Kernel Version 14.1.0: Fri Dec  5 06:49:27 PST 2014; root:xnu-2782.10.67~9/RELEASE_X86_64 x86_64
rlimit: STACK 8192k, CORE 0k, NPROC 709, NOFILE 10240, AS infinity
load average:2.68 2.20 2.04

CPU:total 4 (2 cores per cpu, 2 threads per core) family 6 model 69 stepping 1, cmov, cx8, fxsr, mmx, sse, sse2, sse3, ssse3, sse4.1, sse4.2, popcnt, avx, avx2, aes, clmul, erms, ht, tsc, tscinvbit

Memory: 4k page, physical 4194304k(76000k free)

/proc/meminfo:


vm_info: Java HotSpot(TM) 64-Bit Server VM (25.0-b70) for bsd-amd64 JRE (1.8.0-b132), built on Mar  4 2014 03:11:43 by "java_re" with gcc 4.2.1 (Based on Apple Inc. build 5658) (LLVM build 2336.11.00)

time: Wed Jan  7 14:00:27 2015
elapsed time: 3 seconds

